Welcome to Connect4. Type 1 or 2 to choose your mode:
1: Play with another Player
2: Play with PC
Load Game?(Y/N)It is Player 1's turn.
Player, Please make move now.
Please select the line you want to drop your token: totalCheckers: 1
column: 1 2 3 4 5 6 7
        0 0 0 0 0 0 0 
        0 0 0 0 0 0 0 
        0 0 0 0 0 0 0 
        0 0 0 0 0 0 0 
        0 0 0 0 0 0 0 
        0 0 0 1 0 0 0 
It is Player 2's turn.
totalCheckers: 2
column: 1 2 3 4 5 6 7
        0 0 0 0 0 0 0 
        0 0 0 0 0 0 0 
        0 0 0 0 0 0 0 
        0 0 0 0 0 0 0 
        0 0 0 2 0 0 0 
        0 0 0 1 0 0 0 
It is Player 1's turn.
Player, Please make move now.
Please select the line you want to drop your token: totalCheckers: 3
column: 1 2 3 4 5 6 7
        0 0 0 0 0 0 0 
        0 0 0 0 0 0 0 
        0 0 0 0 0 0 0 
        0 0 0 1 0 0 0 
        0 0 0 2 0 0 0 
        0 0 0 1 0 0 0 
It is Player 2's turn.
Calculating... Please Wait...
looing 2 steps ahead
column: 1 2 3 4 5 6 7
        0 0 0 0 0 0 0 
        0 0 0 0 0 0 0 
        0 0 0 0 0 0 0 
        0 0 0 1 0 0 0 
        0 0 0 2 0 0 0 
        0 0 0 1 0 0 0 

totalCheckers: 4
column: 1 2 3 4 5 6 7
        0 0 0 0 0 0 0 
        0 0 0 0 0 0 0 
        0 0 0 0 0 0 0 
        0 0 0 1 0 0 0 
        0 0 0 2 0 0 0 
        2 0 0 1 0 0 0 

totalCheckers: 5
root node -> value: 0id: 
column: 1 2 3 4 5 6 7
        0 0 0 0 0 0 0 
        0 0 0 0 0 0 0 
        0 0 0 0 0 0 0 
        0 0 0 1 0 0 0 
        0 0 0 2 0 0 0 
        2 0 0 1 0 0 0 

totalCheckers: 5
root node -> value: 0id: 
column: 1 2 3 4 5 6 7
        0 0 0 0 0 0 0 
        0 0 0 0 0 0 0 
        0 0 0 0 0 0 0 
        0 0 0 1 0 0 0 
        0 0 0 2 0 0 0 
        2 0 0 1 0 0 0 

totalCheckers: 5
root node -> value: 0id: 
column: 1 2 3 4 5 6 7
        0 0 0 0 0 0 0 
        0 0 0 0 0 0 0 
        0 0 0 0 0 0 0 
        0 0 0 1 0 0 0 
        0 0 0 2 0 0 0 
        2 0 0 1 0 0 0 

totalCheckers: 5
root node -> value: 0id: 
column: 1 2 3 4 5 6 7
        0 0 0 0 0 0 0 
        0 0 0 0 0 0 0 
        0 0 0 0 0 0 0 
        0 0 0 1 0 0 0 
        0 0 0 2 0 0 0 
        2 0 0 1 0 0 0 

totalCheckers: 5
root node -> value: 0id: 
column: 1 2 3 4 5 6 7
        0 0 0 0 0 0 0 
        0 0 0 0 0 0 0 
        0 0 0 0 0 0 0 
        0 0 0 1 0 0 0 
        0 0 0 2 0 0 0 
        2 0 0 1 0 0 0 

totalCheckers: 5
root node -> value: 0id: 
column: 1 2 3 4 5 6 7
        0 0 0 0 0 0 0 
        0 0 0 0 0 0 0 
        0 0 0 0 0 0 0 
        0 0 0 1 0 0 0 
        0 0 0 2 0 0 0 
        2 0 0 1 0 0 0 

totalCheckers: 5
root node -> value: 0id: 
column: 1 2 3 4 5 6 7
        0 0 0 0 0 0 0 
        0 0 0 0 0 0 0 
        0 0 0 0 0 0 0 
        0 0 0 1 0 0 0 
        0 0 0 2 0 0 0 
        0 0 0 1 0 0 0 

totalCheckers: 4
column: 1 2 3 4 5 6 7
        0 0 0 0 0 0 0 
        0 0 0 0 0 0 0 
        0 0 0 0 0 0 0 
        0 0 0 1 0 0 0 
        0 0 0 2 0 0 0 
        0 2 0 1 0 0 0 

totalCheckers: 5
root node -> value: 0id: 
column: 1 2 3 4 5 6 7
        0 0 0 0 0 0 0 
        0 0 0 0 0 0 0 
        0 0 0 0 0 0 0 
        0 0 0 1 0 0 0 
        0 0 0 2 0 0 0 
        0 2 0 1 0 0 0 

totalCheckers: 5
root node -> value: 0id: 
column: 1 2 3 4 5 6 7
        0 0 0 0 0 0 0 
        0 0 0 0 0 0 0 
        0 0 0 0 0 0 0 
        0 0 0 1 0 0 0 
        0 0 0 2 0 0 0 
        0 2 0 1 0 0 0 

totalCheckers: 5
root node -> value: 0id: 
column: 1 2 3 4 5 6 7
        0 0 0 0 0 0 0 
        0 0 0 0 0 0 0 
        0 0 0 0 0 0 0 
        0 0 0 1 0 0 0 
        0 0 0 2 0 0 0 
        0 2 0 1 0 0 0 

totalCheckers: 5
root node -> value: 0id: 
column: 1 2 3 4 5 6 7
        0 0 0 0 0 0 0 
        0 0 0 0 0 0 0 
        0 0 0 0 0 0 0 
        0 0 0 1 0 0 0 
        0 0 0 2 0 0 0 
        0 2 0 1 0 0 0 

totalCheckers: 5
root node -> value: 0id: 
column: 1 2 3 4 5 6 7
        0 0 0 0 0 0 0 
        0 0 0 0 0 0 0 
        0 0 0 0 0 0 0 
        0 0 0 1 0 0 0 
        0 0 0 2 0 0 0 
        0 2 0 1 0 0 0 

totalCheckers: 5
root node -> value: 0id: 
column: 1 2 3 4 5 6 7
        0 0 0 0 0 0 0 
        0 0 0 0 0 0 0 
        0 0 0 0 0 0 0 
        0 0 0 1 0 0 0 
        0 0 0 2 0 0 0 
        0 2 0 1 0 0 0 

totalCheckers: 5
root node -> value: 0id: 
column: 1 2 3 4 5 6 7
        0 0 0 0 0 0 0 
        0 0 0 0 0 0 0 
        0 0 0 0 0 0 0 
        0 0 0 1 0 0 0 
        0 0 0 2 0 0 0 
        0 0 0 1 0 0 0 

totalCheckers: 4
column: 1 2 3 4 5 6 7
        0 0 0 0 0 0 0 
        0 0 0 0 0 0 0 
        0 0 0 0 0 0 0 
        0 0 0 1 0 0 0 
        0 0 0 2 0 0 0 
        0 0 2 1 0 0 0 

totalCheckers: 5
root node -> value: 0id: 
column: 1 2 3 4 5 6 7
        0 0 0 0 0 0 0 
        0 0 0 0 0 0 0 
        0 0 0 0 0 0 0 
        0 0 0 1 0 0 0 
        0 0 0 2 0 0 0 
        0 0 2 1 0 0 0 

totalCheckers: 5
root node -> value: 0id: 
column: 1 2 3 4 5 6 7
        0 0 0 0 0 0 0 
        0 0 0 0 0 0 0 
        0 0 0 0 0 0 0 
        0 0 0 1 0 0 0 
        0 0 0 2 0 0 0 
        0 0 2 1 0 0 0 

totalCheckers: 5
root node -> value: 0id: 
column: 1 2 3 4 5 6 7
        0 0 0 0 0 0 0 
        0 0 0 0 0 0 0 
        0 0 0 0 0 0 0 
        0 0 0 1 0 0 0 
        0 0 0 2 0 0 0 
        0 0 2 1 0 0 0 

totalCheckers: 5
root node -> value: 0id: 
column: 1 2 3 4 5 6 7
        0 0 0 0 0 0 0 
        0 0 0 0 0 0 0 
        0 0 0 0 0 0 0 
        0 0 0 1 0 0 0 
        0 0 0 2 0 0 0 
        0 0 2 1 0 0 0 

totalCheckers: 5
root node -> value: 0id: 
column: 1 2 3 4 5 6 7
        0 0 0 0 0 0 0 
        0 0 0 0 0 0 0 
        0 0 0 0 0 0 0 
        0 0 0 1 0 0 0 
        0 0 0 2 0 0 0 
        0 0 2 1 0 0 0 

totalCheckers: 5
root node -> value: 0id: 
column: 1 2 3 4 5 6 7
        0 0 0 0 0 0 0 
        0 0 0 0 0 0 0 
        0 0 0 0 0 0 0 
        0 0 0 1 0 0 0 
        0 0 0 2 0 0 0 
        0 0 2 1 0 0 0 

totalCheckers: 5
root node -> value: 0id: 
column: 1 2 3 4 5 6 7
        0 0 0 0 0 0 0 
        0 0 0 0 0 0 0 
        0 0 0 0 0 0 0 
        0 0 0 1 0 0 0 
        0 0 0 2 0 0 0 
        0 0 0 1 0 0 0 

totalCheckers: 4
column: 1 2 3 4 5 6 7
        0 0 0 0 0 0 0 
        0 0 0 0 0 0 0 
        0 0 0 2 0 0 0 
        0 0 0 1 0 0 0 
        0 0 0 2 0 0 0 
        0 0 0 1 0 0 0 

totalCheckers: 5
root node -> value: 0id: 
column: 1 2 3 4 5 6 7
        0 0 0 0 0 0 0 
        0 0 0 0 0 0 0 
        0 0 0 2 0 0 0 
        0 0 0 1 0 0 0 
        0 0 0 2 0 0 0 
        0 0 0 1 0 0 0 

totalCheckers: 5
root node -> value: 0id: 
column: 1 2 3 4 5 6 7
        0 0 0 0 0 0 0 
        0 0 0 0 0 0 0 
        0 0 0 2 0 0 0 
        0 0 0 1 0 0 0 
        0 0 0 2 0 0 0 
        0 0 0 1 0 0 0 

totalCheckers: 5
root node -> value: 0id: 
column: 1 2 3 4 5 6 7
        0 0 0 0 0 0 0 
        0 0 0 0 0 0 0 
        0 0 0 2 0 0 0 
        0 0 0 1 0 0 0 
        0 0 0 2 0 0 0 
        0 0 0 1 0 0 0 

totalCheckers: 5
root node -> value: 0id: 
column: 1 2 3 4 5 6 7
        0 0 0 0 0 0 0 
        0 0 0 0 0 0 0 
        0 0 0 2 0 0 0 
        0 0 0 1 0 0 0 
        0 0 0 2 0 0 0 
        0 0 0 1 0 0 0 

totalCheckers: 5
root node -> value: 0id: 
column: 1 2 3 4 5 6 7
        0 0 0 0 0 0 0 
        0 0 0 0 0 0 0 
        0 0 0 2 0 0 0 
        0 0 0 1 0 0 0 
        0 0 0 2 0 0 0 
        0 0 0 1 0 0 0 

totalCheckers: 5
root node -> value: 0id: 
column: 1 2 3 4 5 6 7
        0 0 0 0 0 0 0 
        0 0 0 0 0 0 0 
        0 0 0 2 0 0 0 
        0 0 0 1 0 0 0 
        0 0 0 2 0 0 0 
        0 0 0 1 0 0 0 

totalCheckers: 5
root node -> value: 0id: 
column: 1 2 3 4 5 6 7
        0 0 0 0 0 0 0 
        0 0 0 0 0 0 0 
        0 0 0 0 0 0 0 
        0 0 0 1 0 0 0 
        0 0 0 2 0 0 0 
        0 0 0 1 0 0 0 

totalCheckers: 4
column: 1 2 3 4 5 6 7
        0 0 0 0 0 0 0 
        0 0 0 0 0 0 0 
        0 0 0 0 0 0 0 
        0 0 0 1 0 0 0 
        0 0 0 2 0 0 0 
        0 0 0 1 2 0 0 

totalCheckers: 5
root node -> value: 0id: 
column: 1 2 3 4 5 6 7
        0 0 0 0 0 0 0 
        0 0 0 0 0 0 0 
        0 0 0 0 0 0 0 
        0 0 0 1 0 0 0 
        0 0 0 2 0 0 0 
        0 0 0 1 2 0 0 

totalCheckers: 5
root node -> value: 0id: 
column: 1 2 3 4 5 6 7
        0 0 0 0 0 0 0 
        0 0 0 0 0 0 0 
        0 0 0 0 0 0 0 
        0 0 0 1 0 0 0 
        0 0 0 2 0 0 0 
        0 0 0 1 2 0 0 

totalCheckers: 5
root node -> value: 0id: 
column: 1 2 3 4 5 6 7
        0 0 0 0 0 0 0 
        0 0 0 0 0 0 0 
        0 0 0 0 0 0 0 
        0 0 0 1 0 0 0 
        0 0 0 2 0 0 0 
        0 0 0 1 2 0 0 

totalCheckers: 5
root node -> value: 0id: 
column: 1 2 3 4 5 6 7
        0 0 0 0 0 0 0 
        0 0 0 0 0 0 0 
        0 0 0 0 0 0 0 
        0 0 0 1 0 0 0 
        0 0 0 2 0 0 0 
        0 0 0 1 2 0 0 

totalCheckers: 5
root node -> value: 0id: 
column: 1 2 3 4 5 6 7
        0 0 0 0 0 0 0 
        0 0 0 0 0 0 0 
        0 0 0 0 0 0 0 
        0 0 0 1 0 0 0 
        0 0 0 2 0 0 0 
        0 0 0 1 2 0 0 

totalCheckers: 5
root node -> value: 0id: 
column: 1 2 3 4 5 6 7
        0 0 0 0 0 0 0 
        0 0 0 0 0 0 0 
        0 0 0 0 0 0 0 
        0 0 0 1 0 0 0 
        0 0 0 2 0 0 0 
        0 0 0 1 2 0 0 

totalCheckers: 5
root node -> value: 0id: 
column: 1 2 3 4 5 6 7
        0 0 0 0 0 0 0 
        0 0 0 0 0 0 0 
        0 0 0 0 0 0 0 
        0 0 0 1 0 0 0 
        0 0 0 2 0 0 0 
        0 0 0 1 0 0 0 

totalCheckers: 4
column: 1 2 3 4 5 6 7
        0 0 0 0 0 0 0 
        0 0 0 0 0 0 0 
        0 0 0 0 0 0 0 
        0 0 0 1 0 0 0 
        0 0 0 2 0 0 0 
        0 0 0 1 0 2 0 

totalCheckers: 5
root node -> value: 0id: 
column: 1 2 3 4 5 6 7
        0 0 0 0 0 0 0 
        0 0 0 0 0 0 0 
        0 0 0 0 0 0 0 
        0 0 0 1 0 0 0 
        0 0 0 2 0 0 0 
        0 0 0 1 0 2 0 

totalCheckers: 5
root node -> value: 0id: 
column: 1 2 3 4 5 6 7
        0 0 0 0 0 0 0 
        0 0 0 0 0 0 0 
        0 0 0 0 0 0 0 
        0 0 0 1 0 0 0 
        0 0 0 2 0 0 0 
        0 0 0 1 0 2 0 

totalCheckers: 5
root node -> value: 0id: 
column: 1 2 3 4 5 6 7
        0 0 0 0 0 0 0 
        0 0 0 0 0 0 0 
        0 0 0 0 0 0 0 
        0 0 0 1 0 0 0 
        0 0 0 2 0 0 0 
        0 0 0 1 0 2 0 

totalCheckers: 5
root node -> value: 0id: 
column: 1 2 3 4 5 6 7
        0 0 0 0 0 0 0 
        0 0 0 0 0 0 0 
        0 0 0 0 0 0 0 
        0 0 0 1 0 0 0 
        0 0 0 2 0 0 0 
        0 0 0 1 0 2 0 

totalCheckers: 5
root node -> value: 0id: 
column: 1 2 3 4 5 6 7
        0 0 0 0 0 0 0 
        0 0 0 0 0 0 0 
        0 0 0 0 0 0 0 
        0 0 0 1 0 0 0 
        0 0 0 2 0 0 0 
        0 0 0 1 0 2 0 

totalCheckers: 5
root node -> value: 0id: 
column: 1 2 3 4 5 6 7
        0 0 0 0 0 0 0 
        0 0 0 0 0 0 0 
        0 0 0 0 0 0 0 
        0 0 0 1 0 0 0 
        0 0 0 2 0 0 0 
        0 0 0 1 0 2 0 

totalCheckers: 5
root node -> value: 0id: 
column: 1 2 3 4 5 6 7
        0 0 0 0 0 0 0 
        0 0 0 0 0 0 0 
        0 0 0 0 0 0 0 
        0 0 0 1 0 0 0 
        0 0 0 2 0 0 0 
        0 0 0 1 0 0 0 

totalCheckers: 4
column: 1 2 3 4 5 6 7
        0 0 0 0 0 0 0 
        0 0 0 0 0 0 0 
        0 0 0 0 0 0 0 
        0 0 0 1 0 0 0 
        0 0 0 2 0 0 0 
        0 0 0 1 0 0 2 

totalCheckers: 5
root node -> value: 0id: 
column: 1 2 3 4 5 6 7
        0 0 0 0 0 0 0 
        0 0 0 0 0 0 0 
        0 0 0 0 0 0 0 
        0 0 0 1 0 0 0 
        0 0 0 2 0 0 0 
        0 0 0 1 0 0 2 

totalCheckers: 5
root node -> value: 0id: 
column: 1 2 3 4 5 6 7
        0 0 0 0 0 0 0 
        0 0 0 0 0 0 0 
        0 0 0 0 0 0 0 
        0 0 0 1 0 0 0 
        0 0 0 2 0 0 0 
        0 0 0 1 0 0 2 

totalCheckers: 5
root node -> value: 0id: 
column: 1 2 3 4 5 6 7
        0 0 0 0 0 0 0 
        0 0 0 0 0 0 0 
        0 0 0 0 0 0 0 
        0 0 0 1 0 0 0 
        0 0 0 2 0 0 0 
        0 0 0 1 0 0 2 

totalCheckers: 5
root node -> value: 0id: 
column: 1 2 3 4 5 6 7
        0 0 0 0 0 0 0 
        0 0 0 0 0 0 0 
        0 0 0 0 0 0 0 
        0 0 0 1 0 0 0 
        0 0 0 2 0 0 0 
        0 0 0 1 0 0 2 

totalCheckers: 5
root node -> value: 0id: 
column: 1 2 3 4 5 6 7
        0 0 0 0 0 0 0 
        0 0 0 0 0 0 0 
        0 0 0 0 0 0 0 
        0 0 0 1 0 0 0 
        0 0 0 2 0 0 0 
        0 0 0 1 0 0 2 

totalCheckers: 5
root node -> value: 0id: 
column: 1 2 3 4 5 6 7
        0 0 0 0 0 0 0 
        0 0 0 0 0 0 0 
        0 0 0 0 0 0 0 
        0 0 0 1 0 0 0 
        0 0 0 2 0 0 0 
        0 0 0 1 0 0 2 

totalCheckers: 5
root node -> value: 0id: 
totalCheckers: 4
column: 1 2 3 4 5 6 7
        0 0 0 0 0 0 0 
        0 0 0 0 0 0 0 
        0 0 0 0 0 0 0 
        0 0 0 1 0 0 0 
        0 0 0 2 0 0 0 
        0 2 0 1 0 0 0 
It is Player 1's turn.
Player, Please make move now.
Please select the line you want to drop your token: 